{"/home/React-Stacked-Carousel/__tests/mockCss.js": {"path":"/home/React-Stacked-Carousel/__tests/mockCss.js","statementMap":{"0":{"start":{"line":1,"column":0},"end":{"line":1,"column":20}}},"fnMap":{},"branchMap":{},"s":{"0":1},"f":{},"b":{},"_coverageSchema":"1a1c01bbd47fc00a2c39e90264f33305004495a9","hash":"6b4f19483a9c6f18f4955b22e21af61d545a0a32"}
,"/home/React-Stacked-Carousel/src/components/StackedCarousel.tsx": {"path":"/home/React-Stacked-Carousel/src/components/StackedCarousel.tsx","statementMap":{"0":{"start":{"line":1,"column":0},"end":{"line":1,"column":30}},"1":{"start":{"line":2,"column":0},"end":{"line":2,"column":31}},"2":{"start":{"line":4,"column":40},"end":{"line":4,"column":45}},"3":{"start":{"line":14,"column":38},"end":{"line":14,"column":53}},"4":{"start":{"line":15,"column":20},"end":{"line":17,"column":9}},"5":{"start":{"line":18,"column":20},"end":{"line":18,"column":68}},"6":{"start":{"line":19,"column":20},"end":{"line":19,"column":68}},"7":{"start":{"line":21,"column":30},"end":{"line":21,"column":45}},"8":{"start":{"line":22,"column":26},"end":{"line":22,"column":73}},"9":{"start":{"line":24,"column":26},"end":{"line":26,"column":3}},"10":{"start":{"line":25,"column":4},"end":{"line":25,"column":null}},"11":{"start":{"line":25,"column":28},"end":{"line":25,"column":33}},"12":{"start":{"line":28,"column":2},"end":{"line":38,"column":null}},"13":{"start":{"line":29,"column":4},"end":{"line":33,"column":null}},"14":{"start":{"line":34,"column":4},"end":{"line":37,"column":null}},"15":{"start":{"line":35,"column":6},"end":{"line":35,"column":null}},"16":{"start":{"line":36,"column":6},"end":{"line":36,"column":null}},"17":{"start":{"line":40,"column":24},"end":{"line":78,"column":3}},"18":{"start":{"line":41,"column":4},"end":{"line":77,"column":null}},"19":{"start":{"line":42,"column":6},"end":{"line":42,"column":null}},"20":{"start":{"line":44,"column":26},"end":{"line":44,"column":43}},"21":{"start":{"line":47,"column":31},"end":{"line":47,"column":55}},"22":{"start":{"line":49,"column":8},"end":{"line":49,"column":55}},"23":{"start":{"line":51,"column":24},"end":{"line":51,"column":26}},"24":{"start":{"line":52,"column":6},"end":{"line":60,"column":null}},"25":{"start":{"line":54,"column":8},"end":{"line":54,"column":null}},"26":{"start":{"line":55,"column":8},"end":{"line":55,"column":null}},"27":{"start":{"line":58,"column":8},"end":{"line":58,"column":null}},"28":{"start":{"line":59,"column":8},"end":{"line":59,"column":null}},"29":{"start":{"line":62,"column":6},"end":{"line":76,"column":null}},"30":{"start":{"line":63,"column":8},"end":{"line":63,"column":null}},"31":{"start":{"line":64,"column":8},"end":{"line":64,"column":null}},"32":{"start":{"line":66,"column":8},"end":{"line":75,"column":null}},"33":{"start":{"line":67,"column":10},"end":{"line":70,"column":null}},"34":{"start":{"line":71,"column":10},"end":{"line":71,"column":null}},"35":{"start":{"line":72,"column":10},"end":{"line":72,"column":null}},"36":{"start":{"line":73,"column":10},"end":{"line":73,"column":null}},"37":{"start":{"line":74,"column":10},"end":{"line":74,"column":null}},"38":{"start":{"line":79,"column":2},"end":{"line":107,"column":null}},"39":{"start":{"line":89,"column":10},"end":{"line":103,"column":null}},"40":{"start":{"line":5,"column":0},"end":{"line":5,"column":24}}},"fnMap":{"0":{"name":"ReactStackedPhotos","decl":{"start":{"line":5,"column":24},"end":{"line":5,"column":42}},"loc":{"start":{"line":13,"column":1},"end":{"line":108,"column":1}}},"1":{"name":"(anonymous_7)","decl":{"start":{"line":24,"column":26},"end":{"line":24,"column":35}},"loc":{"start":{"line":24,"column":37},"end":{"line":26,"column":3}}},"2":{"name":"(anonymous_8)","decl":{"start":{"line":25,"column":18},"end":{"line":25,"column":19}},"loc":{"start":{"line":25,"column":28},"end":{"line":25,"column":33}}},"3":{"name":"(anonymous_9)","decl":{"start":{"line":28,"column":12},"end":{"line":28,"column":15}},"loc":{"start":{"line":28,"column":17},"end":{"line":38,"column":3}}},"4":{"name":"(anonymous_10)","decl":{"start":{"line":34,"column":11},"end":{"line":34,"column":14}},"loc":{"start":{"line":34,"column":16},"end":{"line":37,"column":5}}},"5":{"name":"(anonymous_11)","decl":{"start":{"line":40,"column":24},"end":{"line":40,"column":25}},"loc":{"start":{"line":40,"column":74},"end":{"line":78,"column":3}}},"6":{"name":"(anonymous_12)","decl":{"start":{"line":62,"column":37},"end":{"line":62,"column":null}},"loc":{"start":{"line":62,"column":37},"end":{"line":76,"column":7}}},"7":{"name":"(anonymous_13)","decl":{"start":{"line":66,"column":39},"end":{"line":66,"column":null}},"loc":{"start":{"line":66,"column":39},"end":{"line":75,"column":9}}},"8":{"name":"(anonymous_14)","decl":{"start":{"line":88,"column":8},"end":{"line":88,"column":9}},"loc":{"start":{"line":88,"column":45},"end":{"line":104,"column":9}}}},"branchMap":{"0":{"loc":{"start":{"line":30,"column":6},"end":{"line":32,"column":14}},"type":"cond-expr","locations":[{"start":{"line":31,"column":10},"end":{"line":31,"column":55}},{"start":{"line":32,"column":10},"end":{"line":32,"column":14}}]},"1":{"loc":{"start":{"line":31,"column":10},"end":{"line":31,"column":55}},"type":"cond-expr","locations":[{"start":{"line":31,"column":44},"end":{"line":31,"column":46}},{"start":{"line":31,"column":44},"end":{"line":31,"column":55}}]},"2":{"loc":{"start":{"line":31,"column":10},"end":{"line":31,"column":46}},"type":"binary-expr","locations":[{"start":{"line":31,"column":10},"end":{"line":31,"column":46}},{"start":{"line":31,"column":44},"end":{"line":31,"column":46}}]},"3":{"loc":{"start":{"line":41,"column":4},"end":{"line":77,"column":null}},"type":"if","locations":[{"start":{"line":41,"column":4},"end":{"line":77,"column":null}}]},"4":{"loc":{"start":{"line":47,"column":31},"end":{"line":47,"column":55}},"type":"cond-expr","locations":[{"start":{"line":47,"column":42},"end":{"line":47,"column":44}},{"start":{"line":47,"column":31},"end":{"line":47,"column":55}}]},"5":{"loc":{"start":{"line":47,"column":31},"end":{"line":47,"column":44}},"type":"binary-expr","locations":[{"start":{"line":47,"column":31},"end":{"line":47,"column":44}},{"start":{"line":47,"column":31},"end":{"line":47,"column":44}}]},"6":{"loc":{"start":{"line":49,"column":31},"end":{"line":49,"column":54}},"type":"cond-expr","locations":[{"start":{"line":49,"column":42},"end":{"line":49,"column":44}},{"start":{"line":49,"column":31},"end":{"line":49,"column":54}}]},"7":{"loc":{"start":{"line":49,"column":31},"end":{"line":49,"column":44}},"type":"binary-expr","locations":[{"start":{"line":49,"column":31},"end":{"line":49,"column":44}},{"start":{"line":49,"column":31},"end":{"line":49,"column":44}}]},"8":{"loc":{"start":{"line":52,"column":6},"end":{"line":60,"column":null}},"type":"if","locations":[{"start":{"line":52,"column":6},"end":{"line":60,"column":null}},{"start":{"line":56,"column":13},"end":{"line":60,"column":null}}]},"9":{"loc":{"start":{"line":55,"column":8},"end":{"line":55,"column":31}},"type":"cond-expr","locations":[{"start":{"line":55,"column":12},"end":{"line":55,"column":14}},{"start":{"line":55,"column":8},"end":{"line":55,"column":31}}]},"10":{"loc":{"start":{"line":55,"column":8},"end":{"line":55,"column":14}},"type":"binary-expr","locations":[{"start":{"line":55,"column":8},"end":{"line":55,"column":14}},{"start":{"line":55,"column":8},"end":{"line":55,"column":14}}]},"11":{"loc":{"start":{"line":59,"column":8},"end":{"line":59,"column":32}},"type":"cond-expr","locations":[{"start":{"line":59,"column":12},"end":{"line":59,"column":14}},{"start":{"line":59,"column":8},"end":{"line":59,"column":32}}]},"12":{"loc":{"start":{"line":59,"column":8},"end":{"line":59,"column":14}},"type":"binary-expr","locations":[{"start":{"line":59,"column":8},"end":{"line":59,"column":14}},{"start":{"line":59,"column":8},"end":{"line":59,"column":14}}]},"13":{"loc":{"start":{"line":63,"column":8},"end":{"line":63,"column":33}},"type":"cond-expr","locations":[{"start":{"line":63,"column":12},"end":{"line":63,"column":14}},{"start":{"line":63,"column":8},"end":{"line":63,"column":33}}]},"14":{"loc":{"start":{"line":63,"column":8},"end":{"line":63,"column":14}},"type":"binary-expr","locations":[{"start":{"line":63,"column":8},"end":{"line":63,"column":14}},{"start":{"line":63,"column":8},"end":{"line":63,"column":14}}]},"15":{"loc":{"start":{"line":64,"column":8},"end":{"line":64,"column":25}},"type":"cond-expr","locations":[{"start":{"line":64,"column":12},"end":{"line":64,"column":14}},{"start":{"line":64,"column":8},"end":{"line":64,"column":25}}]},"16":{"loc":{"start":{"line":64,"column":8},"end":{"line":64,"column":14}},"type":"binary-expr","locations":[{"start":{"line":64,"column":8},"end":{"line":64,"column":14}},{"start":{"line":64,"column":8},"end":{"line":64,"column":14}}]},"17":{"loc":{"start":{"line":67,"column":10},"end":{"line":69,"column":null}},"type":"cond-expr","locations":[{"start":{"line":67,"column":27},"end":{"line":67,"column":29}},{"start":{"line":67,"column":27},"end":{"line":69,"column":null}}]},"18":{"loc":{"start":{"line":67,"column":10},"end":{"line":67,"column":29}},"type":"binary-expr","locations":[{"start":{"line":67,"column":10},"end":{"line":67,"column":29}},{"start":{"line":67,"column":27},"end":{"line":67,"column":29}}]},"19":{"loc":{"start":{"line":68,"column":12},"end":{"line":68,"column":55}},"type":"cond-expr","locations":[{"start":{"line":68,"column":29},"end":{"line":68,"column":31}},{"start":{"line":68,"column":29},"end":{"line":68,"column":55}}]},"20":{"loc":{"start":{"line":68,"column":12},"end":{"line":68,"column":31}},"type":"binary-expr","locations":[{"start":{"line":68,"column":12},"end":{"line":68,"column":31}},{"start":{"line":68,"column":29},"end":{"line":68,"column":31}}]},"21":{"loc":{"start":{"line":69,"column":12},"end":{"line":69,"column":48}},"type":"cond-expr","locations":[{"start":{"line":69,"column":29},"end":{"line":69,"column":31}},{"start":{"line":69,"column":29},"end":{"line":69,"column":48}}]},"22":{"loc":{"start":{"line":69,"column":12},"end":{"line":69,"column":31}},"type":"binary-expr","locations":[{"start":{"line":69,"column":12},"end":{"line":69,"column":31}},{"start":{"line":69,"column":29},"end":{"line":69,"column":31}}]},"23":{"loc":{"start":{"line":71,"column":10},"end":{"line":71,"column":30}},"type":"cond-expr","locations":[{"start":{"line":71,"column":14},"end":{"line":71,"column":16}},{"start":{"line":71,"column":10},"end":{"line":71,"column":30}}]},"24":{"loc":{"start":{"line":71,"column":10},"end":{"line":71,"column":16}},"type":"binary-expr","locations":[{"start":{"line":71,"column":10},"end":{"line":71,"column":16}},{"start":{"line":71,"column":10},"end":{"line":71,"column":16}}]},"25":{"loc":{"start":{"line":72,"column":18},"end":{"line":72,"column":64}},"type":"cond-expr","locations":[{"start":{"line":72,"column":53},"end":{"line":72,"column":55}},{"start":{"line":72,"column":53},"end":{"line":72,"column":64}}]},"26":{"loc":{"start":{"line":72,"column":18},"end":{"line":72,"column":55}},"type":"binary-expr","locations":[{"start":{"line":72,"column":18},"end":{"line":72,"column":55}},{"start":{"line":72,"column":53},"end":{"line":72,"column":55}}]},"27":{"loc":{"start":{"line":72,"column":18},"end":{"line":72,"column":53}},"type":"cond-expr","locations":[{"start":{"line":72,"column":35},"end":{"line":72,"column":37}},{"start":{"line":72,"column":35},"end":{"line":72,"column":53}}]},"28":{"loc":{"start":{"line":72,"column":18},"end":{"line":72,"column":37}},"type":"binary-expr","locations":[{"start":{"line":72,"column":18},"end":{"line":72,"column":37}},{"start":{"line":72,"column":35},"end":{"line":72,"column":37}}]},"29":{"loc":{"start":{"line":94,"column":16},"end":{"line":96,"column":46}},"type":"cond-expr","locations":[{"start":{"line":95,"column":19},"end":{"line":95,"column":null}},{"start":{"line":96,"column":19},"end":{"line":96,"column":46}}]}},"s":{"0":1,"1":1,"2":1,"3":2,"4":2,"5":2,"6":2,"7":2,"8":2,"9":2,"10":0,"11":0,"12":2,"13":1,"14":1,"15":1,"16":1,"17":2,"18":0,"19":0,"20":0,"21":0,"22":0,"23":0,"24":0,"25":0,"26":0,"27":0,"28":0,"29":0,"30":0,"31":0,"32":0,"33":0,"34":0,"35":0,"36":0,"37":0,"38":2,"39":4,"40":1},"f":{"0":2,"1":0,"2":0,"3":1,"4":1,"5":0,"6":0,"7":0,"8":4},"b":{"0":[1,0],"1":[0,1],"2":[1,1],"3":[0],"4":[0,0],"5":[0,0],"6":[0,0],"7":[0,0],"8":[0,0],"9":[0,0],"10":[0,0],"11":[0,0],"12":[0,0],"13":[0,0],"14":[0,0],"15":[0,0],"16":[0,0],"17":[0,0],"18":[0,0],"19":[0,0],"20":[0,0],"21":[0,0],"22":[0,0],"23":[0,0],"24":[0,0],"25":[0,0],"26":[0,0],"27":[0,0],"28":[0,0],"29":[0,4]}}
}
