TN:
SF:__tests/mockCss.js
FNF:0
FNH:0
DA:1,1
LF:1
LH:1
BRF:0
BRH:0
end_of_record
TN:
SF:src/components/StackedCarousel.tsx
FN:5,ReactStackedPhotos
FN:24,(anonymous_7)
FN:25,(anonymous_8)
FN:28,(anonymous_9)
FN:34,(anonymous_10)
FN:40,(anonymous_11)
FN:62,(anonymous_12)
FN:66,(anonymous_13)
FN:88,(anonymous_14)
FNF:9
FNH:4
FNDA:2,ReactStackedPhotos
FNDA:0,(anonymous_7)
FNDA:0,(anonymous_8)
FNDA:1,(anonymous_9)
FNDA:1,(anonymous_10)
FNDA:0,(anonymous_11)
FNDA:0,(anonymous_12)
FNDA:0,(anonymous_13)
FNDA:4,(anonymous_14)
DA:1,1
DA:2,1
DA:4,1
DA:5,1
DA:14,2
DA:15,2
DA:18,2
DA:19,2
DA:21,2
DA:22,2
DA:24,2
DA:25,0
DA:28,2
DA:29,1
DA:34,1
DA:35,1
DA:36,1
DA:40,2
DA:41,0
DA:42,0
DA:44,0
DA:47,0
DA:49,0
DA:51,0
DA:52,0
DA:54,0
DA:55,0
DA:58,0
DA:59,0
DA:62,0
DA:63,0
DA:64,0
DA:66,0
DA:67,0
DA:71,0
DA:72,0
DA:73,0
DA:74,0
DA:79,2
DA:89,4
LF:40
LH:19
BRDA:30,0,0,1
BRDA:30,0,1,0
BRDA:31,1,0,0
BRDA:31,1,1,1
BRDA:31,2,0,1
BRDA:31,2,1,1
BRDA:41,3,0,0
BRDA:47,4,0,0
BRDA:47,4,1,0
BRDA:47,5,0,0
BRDA:47,5,1,0
BRDA:49,6,0,0
BRDA:49,6,1,0
BRDA:49,7,0,0
BRDA:49,7,1,0
BRDA:52,8,0,0
BRDA:52,8,1,0
BRDA:55,9,0,0
BRDA:55,9,1,0
BRDA:55,10,0,0
BRDA:55,10,1,0
BRDA:59,11,0,0
BRDA:59,11,1,0
BRDA:59,12,0,0
BRDA:59,12,1,0
BRDA:63,13,0,0
BRDA:63,13,1,0
BRDA:63,14,0,0
BRDA:63,14,1,0
BRDA:64,15,0,0
BRDA:64,15,1,0
BRDA:64,16,0,0
BRDA:64,16,1,0
BRDA:67,17,0,0
BRDA:67,17,1,0
BRDA:67,18,0,0
BRDA:67,18,1,0
BRDA:68,19,0,0
BRDA:68,19,1,0
BRDA:68,20,0,0
BRDA:68,20,1,0
BRDA:69,21,0,0
BRDA:69,21,1,0
BRDA:69,22,0,0
BRDA:69,22,1,0
BRDA:71,23,0,0
BRDA:71,23,1,0
BRDA:71,24,0,0
BRDA:71,24,1,0
BRDA:72,25,0,0
BRDA:72,25,1,0
BRDA:72,26,0,0
BRDA:72,26,1,0
BRDA:72,27,0,0
BRDA:72,27,1,0
BRDA:72,28,0,0
BRDA:72,28,1,0
BRDA:94,29,0,0
BRDA:94,29,1,4
BRF:59
BRH:5
end_of_record
